<?xml version="1.0" encoding="UTF-8"?>
<testsuite name="org.ait.demo.LoginTests" tests="1" skipped="0" failures="0" errors="0" timestamp="2023-09-08T10:49:34" hostname="NATA-BOD" time="1.205">
  <properties/>
  <testcase name="loginPositiveTest" classname="org.ait.demo.LoginTests" time="1.205"/>
  <system-out><![CDATA[12:49:34.077 [Test worker] INFO  org.ait.demo.TestBase -- Start test
12:49:36.062 [Test worker] INFO  org.ait.demo.TestBase -- Stop test
]]></system-out>
  <system-err><![CDATA[JavaScript warning: https://demowebshop.tricentis.com/Scripts/jquery-1.10.2.min.js, line 19: Using //@ to indicate sourceMappingURL pragmas is deprecated. Use //# instead
console.warn: LoginRecipes: "Falling back to a synchronous message for: https://demowebshop.tricentis.com."
console.warn: LoginRecipes: "Falling back to a synchronous message for: https://demowebshop.tricentis.com."
JavaScript warning: https://demowebshop.tricentis.com/Scripts/jquery-1.10.2.min.js, line 19: Using //@ to indicate sourceMappingURL pragmas is deprecated. Use //# instead
]]></system-err>
</testsuite>
